[   11517ms] [INFO] %cDownload the React DevTools for a better development experience: https://react.dev/link/react-devtools font-weight:bold @ http://localhost:3100/_next/static/chunks/41691_next_dist_compiled_react-dom_ae8a912c._.js:14537
[   12787ms] [LOG] %c[Vercel Web Analytics]%c Debug mode is enabled by default in development. No requests will be sent to the server. color: rgb(120, 120, 120) color: inherit @ https://va.vercel-scripts.com/v1/script.debug.js:0
[   12787ms] [LOG] %c[Vercel Web Analytics]%c Running queued event color: rgb(120, 120, 120) color: inherit pageview {route: /login, path: /login} @ https://va.vercel-scripts.com/v1/script.debug.js:0
[   12789ms] [LOG] %c[Vercel Web Analytics]%c [view] http://localhost:3100/login color: rgb(120, 120, 120) color: inherit {o: http://localhost:3100/login, sv: 0.1.3, sdkn: @vercel/analytics/next, sdkv: 2.0.1, ts: 1778696876273} /_vercel/insights/view @ https://va.vercel-scripts.com/v1/script.debug.js:0
[   12800ms] [LOG] [Fast Refresh] rebuilding @ http://localhost:3100/_next/static/chunks/41691_next_dist_client_937b2648._.js:5949
[   12806ms] [ERROR] Failed to load resource: the server responded with a status of 404 (Not Found) @ http://localhost:3100/favicon.ico:0
[   13823ms] [LOG] [Fast Refresh] done in 1123ms @ http://localhost:3100/_next/static/chunks/41691_next_dist_client_937b2648._.js:5809
[  100799ms] [LOG] [Fast Refresh] rebuilding @ http://localhost:3100/_next/static/chunks/41691_next_dist_client_937b2648._.js:5949
[  101996ms] [LOG] [Fast Refresh] done in 1298ms @ http://localhost:3100/_next/static/chunks/41691_next_dist_client_937b2648._.js:5809
[  102102ms] [LOG] [Fast Refresh] rebuilding @ http://localhost:3100/_next/static/chunks/41691_next_dist_client_937b2648._.js:5949
[  102158ms] [LOG] [Fast Refresh] done in 158ms @ http://localhost:3100/_next/static/chunks/41691_next_dist_client_937b2648._.js:5809
[  102298ms] [LOG] [Fast Refresh] rebuilding @ http://localhost:3100/_next/static/chunks/41691_next_dist_client_937b2648._.js:5949
[  102374ms] [LOG] [Fast Refresh] done in 178ms @ http://localhost:3100/_next/static/chunks/41691_next_dist_client_937b2648._.js:5809
[  102398ms] [LOG] %c[Vercel Web Analytics]%c [view] http://localhost:3100/admin/dashboard color: rgb(120, 120, 120) color: inherit {o: http://localhost:3100/admin/dashboard, sv: 0.1.3, sdkn: @vercel/analytics/next, sdkv: 2.0.1, ts: 1778696965881} /_vercel/insights/view @ https://va.vercel-scripts.com/v1/script.debug.js:0
[  102710ms] [LOG] [Fast Refresh] rebuilding @ http://localhost:3100/_next/static/chunks/41691_next_dist_client_937b2648._.js:5949
[  103393ms] [LOG] [Fast Refresh] done in 785ms @ http://localhost:3100/_next/static/chunks/41691_next_dist_client_937b2648._.js:5809
[  134063ms] [LOG] [Fast Refresh] rebuilding @ http://localhost:3100/_next/static/chunks/41691_next_dist_client_937b2648._.js:5949
[  135637ms] [LOG] [Fast Refresh] done in 1674ms @ http://localhost:3100/_next/static/chunks/41691_next_dist_client_937b2648._.js:5809
[  152907ms] [LOG] [Fast Refresh] rebuilding @ http://localhost:3100/_next/static/chunks/41691_next_dist_client_937b2648._.js:5949
[  153312ms] [LOG] [Fast Refresh] done in 506ms @ http://localhost:3100/_next/static/chunks/41691_next_dist_client_937b2648._.js:5809
[  184755ms] [LOG] [Fast Refresh] rebuilding @ http://localhost:3100/_next/static/chunks/41691_next_dist_client_937b2648._.js:5949
[  185288ms] [LOG] [Fast Refresh] done in 635ms @ http://localhost:3100/_next/static/chunks/41691_next_dist_client_937b2648._.js:5809
[  199344ms] [LOG] [Fast Refresh] rebuilding @ http://localhost:3100/_next/static/chunks/41691_next_dist_client_937b2648._.js:5949
[  199680ms] [LOG] [Fast Refresh] done in 438ms @ http://localhost:3100/_next/static/chunks/41691_next_dist_client_937b2648._.js:5809
[  212339ms] [LOG] [Fast Refresh] rebuilding @ http://localhost:3100/_next/static/chunks/41691_next_dist_client_937b2648._.js:5949
[  212682ms] [LOG] [Fast Refresh] done in 446ms @ http://localhost:3100/_next/static/chunks/41691_next_dist_client_937b2648._.js:5809
[  221445ms] [LOG] [Fast Refresh] rebuilding @ http://localhost:3100/_next/static/chunks/41691_next_dist_client_937b2648._.js:5949
[  221919ms] [LOG] [Fast Refresh] done in 575ms @ http://localhost:3100/_next/static/chunks/41691_next_dist_client_937b2648._.js:5809
[  225618ms] [LOG] [Fast Refresh] rebuilding @ http://localhost:3100/_next/static/chunks/41691_next_dist_client_937b2648._.js:5949
[  225643ms] [LOG] [Fast Refresh] done in 126ms @ http://localhost:3100/_next/static/chunks/41691_next_dist_client_937b2648._.js:5809
[  225746ms] [LOG] [Fast Refresh] rebuilding @ http://localhost:3100/_next/static/chunks/41691_next_dist_client_937b2648._.js:5949
[  227037ms] [LOG] [Fast Refresh] done in 1391ms @ http://localhost:3100/_next/static/chunks/41691_next_dist_client_937b2648._.js:5809
[  364360ms] [LOG] [Fast Refresh] rebuilding @ http://localhost:3100/_next/static/chunks/41691_next_dist_client_937b2648._.js:5949
[  367799ms] [LOG] [Fast Refresh] done in 3541ms @ http://localhost:3100/_next/static/chunks/41691_next_dist_client_937b2648._.js:5809
[  367900ms] [LOG] [Fast Refresh] rebuilding @ http://localhost:3100/_next/static/chunks/41691_next_dist_client_937b2648._.js:5949
[  368205ms] [LOG] [Fast Refresh] done in 405ms @ http://localhost:3100/_next/static/chunks/41691_next_dist_client_937b2648._.js:5809
[  373818ms] [LOG] [Fast Refresh] rebuilding @ http://localhost:3100/_next/static/chunks/41691_next_dist_client_937b2648._.js:5949
[  373824ms] [LOG] [Fast Refresh] done in 107ms @ http://localhost:3100/_next/static/chunks/41691_next_dist_client_937b2648._.js:5809
[  374777ms] [LOG] [Fast Refresh] rebuilding @ http://localhost:3100/_next/static/chunks/41691_next_dist_client_937b2648._.js:5949
[  382697ms] [LOG] [Fast Refresh] done in 8021ms @ http://localhost:3100/_next/static/chunks/41691_next_dist_client_937b2648._.js:5809
[  382810ms] [LOG] [Fast Refresh] rebuilding @ http://localhost:3100/_next/static/chunks/41691_next_dist_client_937b2648._.js:5949
[  383230ms] [LOG] [Fast Refresh] done in 522ms @ http://localhost:3100/_next/static/chunks/41691_next_dist_client_937b2648._.js:5809
[  384127ms] [LOG] [Fast Refresh] rebuilding @ http://localhost:3100/_next/static/chunks/41691_next_dist_client_937b2648._.js:5949
[  384826ms] [LOG] [Fast Refresh] done in 800ms @ http://localhost:3100/_next/static/chunks/41691_next_dist_client_937b2648._.js:5809
[  386127ms] [LOG] [Fast Refresh] rebuilding @ http://localhost:3100/_next/static/chunks/41691_next_dist_client_937b2648._.js:5949
[  386138ms] [LOG] [Fast Refresh] done in 111ms @ http://localhost:3100/_next/static/chunks/41691_next_dist_client_937b2648._.js:5809
[  387296ms] [LOG] [Fast Refresh] rebuilding @ http://localhost:3100/_next/static/chunks/41691_next_dist_client_937b2648._.js:5949
[  390665ms] [LOG] [Fast Refresh] done in 3470ms @ http://localhost:3100/_next/static/chunks/41691_next_dist_client_937b2648._.js:5809
[  390774ms] [LOG] [Fast Refresh] rebuilding @ http://localhost:3100/_next/static/chunks/41691_next_dist_client_937b2648._.js:5949
[  391102ms] [LOG] [Fast Refresh] done in 430ms @ http://localhost:3100/_next/static/chunks/41691_next_dist_client_937b2648._.js:5809
[  391324ms] [LOG] [Fast Refresh] rebuilding @ http://localhost:3100/_next/static/chunks/41691_next_dist_client_937b2648._.js:5949
[  392180ms] [LOG] [Fast Refresh] done in 956ms @ http://localhost:3100/_next/static/chunks/41691_next_dist_client_937b2648._.js:5809
[  393381ms] [LOG] [Fast Refresh] rebuilding @ http://localhost:3100/_next/static/chunks/41691_next_dist_client_937b2648._.js:5949
[  393434ms] [LOG] [Fast Refresh] done in 153ms @ http://localhost:3100/_next/static/chunks/41691_next_dist_client_937b2648._.js:5809
[  394811ms] [LOG] [Fast Refresh] rebuilding @ http://localhost:3100/_next/static/chunks/41691_next_dist_client_937b2648._.js:5949
[  394836ms] [LOG] [Fast Refresh] done in 126ms @ http://localhost:3100/_next/static/chunks/41691_next_dist_client_937b2648._.js:5809
[  396359ms] [LOG] [Fast Refresh] rebuilding @ http://localhost:3100/_next/static/chunks/41691_next_dist_client_937b2648._.js:5949
[  396391ms] [LOG] [Fast Refresh] done in 133ms @ http://localhost:3100/_next/static/chunks/41691_next_dist_client_937b2648._.js:5809
[  399851ms] [LOG] [Fast Refresh] rebuilding @ http://localhost:3100/_next/static/chunks/41691_next_dist_client_937b2648._.js:5949
[  399910ms] [LOG] [Fast Refresh] done in 160ms @ http://localhost:3100/_next/static/chunks/41691_next_dist_client_937b2648._.js:5809
[  530205ms] [LOG] [Fast Refresh] rebuilding @ http://localhost:3100/_next/static/chunks/41691_next_dist_client_937b2648._.js:5949
[  531592ms] [LOG] [Fast Refresh] done in 1459ms @ http://localhost:3100/_next/static/chunks/41691_next_dist_client_937b2648._.js:5809
[  537023ms] [LOG] [Fast Refresh] rebuilding @ http://localhost:3100/_next/static/chunks/41691_next_dist_client_937b2648._.js:5949
[  537438ms] [LOG] [Fast Refresh] done in 517ms @ http://localhost:3100/_next/static/chunks/41691_next_dist_client_937b2648._.js:5809
[  554363ms] [LOG] [Fast Refresh] rebuilding @ http://localhost:3100/_next/static/chunks/41691_next_dist_client_937b2648._.js:5949
[  554815ms] [LOG] [Fast Refresh] done in 553ms @ http://localhost:3100/_next/static/chunks/41691_next_dist_client_937b2648._.js:5809
[  568358ms] [LOG] [Fast Refresh] rebuilding @ http://localhost:3100/_next/static/chunks/41691_next_dist_client_937b2648._.js:5949
[  568551ms] [LOG] [Fast Refresh] done in 293ms @ http://localhost:3100/_next/static/chunks/41691_next_dist_client_937b2648._.js:5809
[  572128ms] [LOG] [Fast Refresh] rebuilding @ http://localhost:3100/_next/static/chunks/41691_next_dist_client_937b2648._.js:5949
[  572311ms] [LOG] [Fast Refresh] done in 284ms @ http://localhost:3100/_next/static/chunks/41691_next_dist_client_937b2648._.js:5809
[  580168ms] [LOG] [Fast Refresh] rebuilding @ http://localhost:3100/_next/static/chunks/41691_next_dist_client_937b2648._.js:5949
[  580498ms] [LOG] [Fast Refresh] done in 432ms @ http://localhost:3100/_next/static/chunks/41691_next_dist_client_937b2648._.js:5809
[  591140ms] [LOG] [Fast Refresh] rebuilding @ http://localhost:3100/_next/static/chunks/41691_next_dist_client_937b2648._.js:5949
[  591784ms] [LOG] [Fast Refresh] done in 744ms @ http://localhost:3100/_next/static/chunks/41691_next_dist_client_937b2648._.js:5809
[  708554ms] [LOG] [Fast Refresh] rebuilding @ http://localhost:3100/_next/static/chunks/41691_next_dist_client_937b2648._.js:5949
[  709434ms] [LOG] [Fast Refresh] done in 983ms @ http://localhost:3100/_next/static/chunks/41691_next_dist_client_937b2648._.js:5809
[  757989ms] [LOG] [Fast Refresh] rebuilding @ http://localhost:3100/_next/static/chunks/41691_next_dist_client_937b2648._.js:5949
[  758059ms] [LOG] [Fast Refresh] done in 171ms @ http://localhost:3100/_next/static/chunks/41691_next_dist_client_937b2648._.js:5809
[  760308ms] [LOG] [Fast Refresh] rebuilding @ http://localhost:3100/_next/static/chunks/41691_next_dist_client_937b2648._.js:5949
[  760322ms] [LOG] [Fast Refresh] done in 115ms @ http://localhost:3100/_next/static/chunks/41691_next_dist_client_937b2648._.js:5809
[ 1396214ms] [LOG] [Fast Refresh] rebuilding @ http://localhost:3100/_next/static/chunks/41691_next_dist_client_937b2648._.js:5949
[ 1396329ms] [LOG] [Fast Refresh] done in 218ms @ http://localhost:3100/_next/static/chunks/41691_next_dist_client_937b2648._.js:5809
[ 1398987ms] [LOG] [Fast Refresh] rebuilding @ http://localhost:3100/_next/static/chunks/41691_next_dist_client_937b2648._.js:5949
[ 1399146ms] [LOG] [Fast Refresh] done in 260ms @ http://localhost:3100/_next/static/chunks/41691_next_dist_client_937b2648._.js:5809
[ 1465828ms] [LOG] [Fast Refresh] rebuilding @ http://localhost:3100/_next/static/chunks/41691_next_dist_client_937b2648._.js:5949
[ 1468468ms] [LOG] [Fast Refresh] done in 2745ms @ http://localhost:3100/_next/static/chunks/41691_next_dist_client_937b2648._.js:5809
[ 1468715ms] [LOG] [Fast Refresh] rebuilding @ http://localhost:3100/_next/static/chunks/41691_next_dist_client_937b2648._.js:5949
[ 1469249ms] [LOG] [Fast Refresh] done in 637ms @ http://localhost:3100/_next/static/chunks/41691_next_dist_client_937b2648._.js:5809
[ 1480320ms] [LOG] [Fast Refresh] rebuilding @ http://localhost:3100/_next/static/chunks/41691_next_dist_client_937b2648._.js:5949
[ 1480580ms] [LOG] [Fast Refresh] done in 362ms @ http://localhost:3100/_next/static/chunks/41691_next_dist_client_937b2648._.js:5809
[ 1492482ms] [LOG] [Fast Refresh] rebuilding @ http://localhost:3100/_next/static/chunks/41691_next_dist_client_937b2648._.js:5949
[ 1493178ms] [LOG] [Fast Refresh] done in 799ms @ http://localhost:3100/_next/static/chunks/41691_next_dist_client_937b2648._.js:5809
[ 1497342ms] [LOG] [Fast Refresh] rebuilding @ http://localhost:3100/_next/static/chunks/41691_next_dist_client_937b2648._.js:5949
[ 1497384ms] [LOG] [Fast Refresh] done in 144ms @ http://localhost:3100/_next/static/chunks/41691_next_dist_client_937b2648._.js:5809
[ 1499069ms] [LOG] [Fast Refresh] rebuilding @ http://localhost:3100/_next/static/chunks/41691_next_dist_client_937b2648._.js:5949
[ 1516455ms] [LOG] [Fast Refresh] done in 17487ms @ http://localhost:3100/_next/static/chunks/41691_next_dist_client_937b2648._.js:5809
[ 1516558ms] [LOG] [Fast Refresh] rebuilding @ http://localhost:3100/_next/static/chunks/41691_next_dist_client_937b2648._.js:5949
[ 1519572ms] [LOG] [Fast Refresh] done in 3115ms @ http://localhost:3100/_next/static/chunks/41691_next_dist_client_937b2648._.js:5809
[ 1541697ms] [LOG] [Fast Refresh] rebuilding @ http://localhost:3100/_next/static/chunks/41691_next_dist_client_937b2648._.js:5949
[ 1541786ms] [LOG] [Fast Refresh] done in 191ms @ http://localhost:3100/_next/static/chunks/41691_next_dist_client_937b2648._.js:5809
[ 1543387ms] [LOG] [Fast Refresh] rebuilding @ http://localhost:3100/_next/static/chunks/41691_next_dist_client_937b2648._.js:5949
[ 1543403ms] [LOG] [Fast Refresh] done in 116ms @ http://localhost:3100/_next/static/chunks/41691_next_dist_client_937b2648._.js:5809
[ 1760046ms] [LOG] [Fast Refresh] rebuilding @ http://localhost:3100/_next/static/chunks/41691_next_dist_client_937b2648._.js:5949
[ 1760142ms] [LOG] [Fast Refresh] done in 198ms @ http://localhost:3100/_next/static/chunks/41691_next_dist_client_937b2648._.js:5809
[ 1760745ms] [LOG] [Fast Refresh] rebuilding @ http://localhost:3100/_next/static/chunks/41691_next_dist_client_937b2648._.js:5949
[ 1760750ms] [LOG] [Fast Refresh] done in 106ms @ http://localhost:3100/_next/static/chunks/41691_next_dist_client_937b2648._.js:5809
[ 1767343ms] [LOG] [Fast Refresh] rebuilding @ http://localhost:3100/_next/static/chunks/41691_next_dist_client_937b2648._.js:5949
[ 1767386ms] [LOG] [Fast Refresh] done in 145ms @ http://localhost:3100/_next/static/chunks/41691_next_dist_client_937b2648._.js:5809
[ 1767867ms] [LOG] [Fast Refresh] rebuilding @ http://localhost:3100/_next/static/chunks/41691_next_dist_client_937b2648._.js:5949
[ 1767881ms] [LOG] [Fast Refresh] done in 114ms @ http://localhost:3100/_next/static/chunks/41691_next_dist_client_937b2648._.js:5809
[ 1770876ms] [LOG] [Fast Refresh] rebuilding @ http://localhost:3100/_next/static/chunks/41691_next_dist_client_937b2648._.js:5949
[ 1770890ms] [LOG] [Fast Refresh] done in 115ms @ http://localhost:3100/_next/static/chunks/41691_next_dist_client_937b2648._.js:5809
[ 1780636ms] [LOG] [Fast Refresh] rebuilding @ http://localhost:3100/_next/static/chunks/41691_next_dist_client_937b2648._.js:5949
[ 1780674ms] [LOG] [Fast Refresh] done in 139ms @ http://localhost:3100/_next/static/chunks/41691_next_dist_client_937b2648._.js:5809
[ 1780776ms] [LOG] [Fast Refresh] rebuilding @ http://localhost:3100/_next/static/chunks/41691_next_dist_client_937b2648._.js:5949
[ 1784452ms] [LOG] [Fast Refresh] done in 3776ms @ http://localhost:3100/_next/static/chunks/41691_next_dist_client_937b2648._.js:5809
[ 1784553ms] [LOG] [Fast Refresh] rebuilding @ http://localhost:3100/_next/static/chunks/41691_next_dist_client_937b2648._.js:5949
[ 1785152ms] [LOG] [Fast Refresh] done in 699ms @ http://localhost:3100/_next/static/chunks/41691_next_dist_client_937b2648._.js:5809
[ 1785463ms] [LOG] [Fast Refresh] rebuilding @ http://localhost:3100/_next/static/chunks/41691_next_dist_client_937b2648._.js:5949
[ 1786035ms] [LOG] [Fast Refresh] done in 673ms @ http://localhost:3100/_next/static/chunks/41691_next_dist_client_937b2648._.js:5809
[ 1795748ms] [LOG] [Fast Refresh] rebuilding @ http://localhost:3100/_next/static/chunks/41691_next_dist_client_937b2648._.js:5949
[ 1795788ms] [LOG] [Fast Refresh] done in 140ms @ http://localhost:3100/_next/static/chunks/41691_next_dist_client_937b2648._.js:5809
[ 2099344ms] [LOG] [Fast Refresh] rebuilding @ http://localhost:3100/_next/static/chunks/41691_next_dist_client_937b2648._.js:5949
[ 2101098ms] [LOG] [Fast Refresh] done in 1854ms @ http://localhost:3100/_next/static/chunks/41691_next_dist_client_937b2648._.js:5809
[ 2449507ms] [LOG] [Fast Refresh] rebuilding @ http://localhost:3100/_next/static/chunks/41691_next_dist_client_937b2648._.js:5949
[ 2450224ms] [LOG] [Fast Refresh] done in 821ms @ http://localhost:3100/_next/static/chunks/41691_next_dist_client_937b2648._.js:5809
[ 2465688ms] [LOG] [Fast Refresh] rebuilding @ http://localhost:3100/_next/static/chunks/41691_next_dist_client_937b2648._.js:5949
[ 2466782ms] [LOG] [Fast Refresh] done in 1195ms @ http://localhost:3100/_next/static/chunks/41691_next_dist_client_937b2648._.js:5809
[ 2501726ms] [LOG] [Fast Refresh] rebuilding @ http://localhost:3100/_next/static/chunks/41691_next_dist_client_937b2648._.js:5949
[ 2503521ms] [LOG] [Fast Refresh] done in 1899ms @ http://localhost:3100/_next/static/chunks/41691_next_dist_client_937b2648._.js:5809
[ 2526416ms] [LOG] [Fast Refresh] rebuilding @ http://localhost:3100/_next/static/chunks/41691_next_dist_client_937b2648._.js:5949
[ 2527802ms] [LOG] [Fast Refresh] done in 1337ms @ http://localhost:3100/_next/static/chunks/41691_next_dist_client_937b2648._.js:5809
[ 2529100ms] [LOG] [Fast Refresh] rebuilding @ http://localhost:3100/_next/static/chunks/41691_next_dist_client_937b2648._.js:5949
[ 2529419ms] [LOG] [Fast Refresh] done in 420ms @ http://localhost:3100/_next/static/chunks/41691_next_dist_client_937b2648._.js:5809
[ 2542971ms] [LOG] [Fast Refresh] rebuilding @ http://localhost:3100/_next/static/chunks/41691_next_dist_client_937b2648._.js:5949
[ 2543113ms] [LOG] [Fast Refresh] done in 242ms @ http://localhost:3100/_next/static/chunks/41691_next_dist_client_937b2648._.js:5809
[ 2543845ms] [LOG] [Fast Refresh] rebuilding @ http://localhost:3100/_next/static/chunks/41691_next_dist_client_937b2648._.js:5949
[ 2544333ms] [LOG] [Fast Refresh] done in 536ms @ http://localhost:3100/_next/static/chunks/41691_next_dist_client_937b2648._.js:5809
[ 2547376ms] [LOG] [Fast Refresh] rebuilding @ http://localhost:3100/_next/static/chunks/41691_next_dist_client_937b2648._.js:5949
[ 2547468ms] [LOG] [Fast Refresh] done in 193ms @ http://localhost:3100/_next/static/chunks/41691_next_dist_client_937b2648._.js:5809
[ 2552832ms] [LOG] [Fast Refresh] rebuilding @ http://localhost:3100/_next/static/chunks/41691_next_dist_client_937b2648._.js:5949
[ 2552845ms] [LOG] [Fast Refresh] done in 114ms @ http://localhost:3100/_next/static/chunks/41691_next_dist_client_937b2648._.js:5809
[ 2557385ms] [LOG] [Fast Refresh] rebuilding @ http://localhost:3100/_next/static/chunks/41691_next_dist_client_937b2648._.js:5949
[ 2557541ms] [LOG] [Fast Refresh] done in 257ms @ http://localhost:3100/_next/static/chunks/41691_next_dist_client_937b2648._.js:5809
[ 2559322ms] [LOG] [Fast Refresh] rebuilding @ http://localhost:3100/_next/static/chunks/41691_next_dist_client_937b2648._.js:5949
[ 2559495ms] [LOG] [Fast Refresh] done in 273ms @ http://localhost:3100/_next/static/chunks/41691_next_dist_client_937b2648._.js:5809
[ 2562053ms] [LOG] [Fast Refresh] rebuilding @ http://localhost:3100/_next/static/chunks/41691_next_dist_client_937b2648._.js:5949
[ 2562457ms] [LOG] [Fast Refresh] done in 506ms @ http://localhost:3100/_next/static/chunks/41691_next_dist_client_937b2648._.js:5809
[ 2567973ms] [LOG] [Fast Refresh] rebuilding @ http://localhost:3100/_next/static/chunks/41691_next_dist_client_937b2648._.js:5949
[ 2568159ms] [LOG] [Fast Refresh] done in 287ms @ http://localhost:3100/_next/static/chunks/41691_next_dist_client_937b2648._.js:5809
[ 2568626ms] [LOG] [Fast Refresh] rebuilding @ http://localhost:3100/_next/static/chunks/41691_next_dist_client_937b2648._.js:5949
[ 2568751ms] [LOG] [Fast Refresh] done in 226ms @ http://localhost:3100/_next/static/chunks/41691_next_dist_client_937b2648._.js:5809
[ 2569519ms] [LOG] [Fast Refresh] rebuilding @ http://localhost:3100/_next/static/chunks/41691_next_dist_client_937b2648._.js:5949
[ 2569525ms] [LOG] [Fast Refresh] done in 108ms @ http://localhost:3100/_next/static/chunks/41691_next_dist_client_937b2648._.js:5809
[ 2583128ms] [LOG] [Fast Refresh] rebuilding @ http://localhost:3100/_next/static/chunks/41691_next_dist_client_937b2648._.js:5949
[ 2583236ms] [LOG] [Fast Refresh] done in 209ms @ http://localhost:3100/_next/static/chunks/41691_next_dist_client_937b2648._.js:5809
[ 2584716ms] [LOG] [Fast Refresh] rebuilding @ http://localhost:3100/_next/static/chunks/41691_next_dist_client_937b2648._.js:5949
[ 2584789ms] [LOG] [Fast Refresh] done in 174ms @ http://localhost:3100/_next/static/chunks/41691_next_dist_client_937b2648._.js:5809
[ 2585131ms] [LOG] [Fast Refresh] rebuilding @ http://localhost:3100/_next/static/chunks/41691_next_dist_client_937b2648._.js:5949
[ 2585156ms] [LOG] [Fast Refresh] done in 127ms @ http://localhost:3100/_next/static/chunks/41691_next_dist_client_937b2648._.js:5809
[ 2585302ms] [LOG] [Fast Refresh] rebuilding @ http://localhost:3100/_next/static/chunks/41691_next_dist_client_937b2648._.js:5949
[ 2585307ms] [LOG] [Fast Refresh] done in 105ms @ http://localhost:3100/_next/static/chunks/41691_next_dist_client_937b2648._.js:5809
[ 2587369ms] [LOG] [Fast Refresh] rebuilding @ http://localhost:3100/_next/static/chunks/41691_next_dist_client_937b2648._.js:5949
[ 2587515ms] [LOG] [Fast Refresh] done in 249ms @ http://localhost:3100/_next/static/chunks/41691_next_dist_client_937b2648._.js:5809
[ 2589610ms] [LOG] [Fast Refresh] rebuilding @ http://localhost:3100/_next/static/chunks/41691_next_dist_client_937b2648._.js:5949
[ 2589675ms] [LOG] [Fast Refresh] done in 167ms @ http://localhost:3100/_next/static/chunks/41691_next_dist_client_937b2648._.js:5809
[ 2589842ms] [LOG] [Fast Refresh] rebuilding @ http://localhost:3100/_next/static/chunks/41691_next_dist_client_937b2648._.js:5949
[ 2593215ms] [LOG] [Fast Refresh] done in 3302ms @ http://localhost:3100/_next/static/chunks/41691_next_dist_client_937b2648._.js:5809
[ 2594020ms] [LOG] [Fast Refresh] rebuilding @ http://localhost:3100/_next/static/chunks/41691_next_dist_client_937b2648._.js:5949
[ 2594111ms] [LOG] [Fast Refresh] done in 192ms @ http://localhost:3100/_next/static/chunks/41691_next_dist_client_937b2648._.js:5809
[ 2595111ms] [LOG] [Fast Refresh] rebuilding @ http://localhost:3100/_next/static/chunks/41691_next_dist_client_937b2648._.js:5949
[ 2595522ms] [LOG] [Fast Refresh] done in 514ms @ http://localhost:3100/_next/static/chunks/41691_next_dist_client_937b2648._.js:5809
[ 2596790ms] [LOG] [Fast Refresh] rebuilding @ http://localhost:3100/_next/static/chunks/41691_next_dist_client_937b2648._.js:5949
[ 2596793ms] [LOG] [Fast Refresh] done in 104ms @ http://localhost:3100/_next/static/chunks/41691_next_dist_client_937b2648._.js:5809
[ 2600789ms] [LOG] [Fast Refresh] rebuilding @ http://localhost:3100/_next/static/chunks/41691_next_dist_client_937b2648._.js:5949
[ 2600903ms] [LOG] [Fast Refresh] done in 217ms @ http://localhost:3100/_next/static/chunks/41691_next_dist_client_937b2648._.js:5809
[ 2601189ms] [LOG] [Fast Refresh] rebuilding @ http://localhost:3100/_next/static/chunks/41691_next_dist_client_937b2648._.js:5949
[ 2601228ms] [LOG] [Fast Refresh] done in 141ms @ http://localhost:3100/_next/static/chunks/41691_next_dist_client_937b2648._.js:5809
[ 2602041ms] [LOG] [Fast Refresh] rebuilding @ http://localhost:3100/_next/static/chunks/41691_next_dist_client_937b2648._.js:5949
[ 2603208ms] [LOG] [Fast Refresh] done in 1270ms @ http://localhost:3100/_next/static/chunks/41691_next_dist_client_937b2648._.js:5809
[ 2605012ms] [LOG] [Fast Refresh] rebuilding @ http://localhost:3100/_next/static/chunks/41691_next_dist_client_937b2648._.js:5949
[ 2605028ms] [LOG] [Fast Refresh] done in 117ms @ http://localhost:3100/_next/static/chunks/41691_next_dist_client_937b2648._.js:5809
[ 2611872ms] [LOG] [Fast Refresh] rebuilding @ http://localhost:3100/_next/static/chunks/41691_next_dist_client_937b2648._.js:5949
[ 2612041ms] [LOG] [Fast Refresh] done in 271ms @ http://localhost:3100/_next/static/chunks/41691_next_dist_client_937b2648._.js:5809
[ 2614574ms] [LOG] [Fast Refresh] rebuilding @ http://localhost:3100/_next/static/chunks/41691_next_dist_client_937b2648._.js:5949
[ 2614699ms] [LOG] [Fast Refresh] done in 226ms @ http://localhost:3100/_next/static/chunks/41691_next_dist_client_937b2648._.js:5809
[ 2616180ms] [LOG] [Fast Refresh] rebuilding @ http://localhost:3100/_next/static/chunks/41691_next_dist_client_937b2648._.js:5949
[ 2616413ms] [LOG] [Fast Refresh] done in 335ms @ http://localhost:3100/_next/static/chunks/41691_next_dist_client_937b2648._.js:5809
[ 2617278ms] [LOG] [Fast Refresh] rebuilding @ http://localhost:3100/_next/static/chunks/41691_next_dist_client_937b2648._.js:5949
[ 2617441ms] [LOG] [Fast Refresh] done in 264ms @ http://localhost:3100/_next/static/chunks/41691_next_dist_client_937b2648._.js:5809
[ 2625298ms] [LOG] [Fast Refresh] rebuilding @ http://localhost:3100/_next/static/chunks/41691_next_dist_client_937b2648._.js:5949
[ 2625413ms] [LOG] [Fast Refresh] done in 216ms @ http://localhost:3100/_next/static/chunks/41691_next_dist_client_937b2648._.js:5809
[ 2638336ms] [LOG] [Fast Refresh] rebuilding @ http://localhost:3100/_next/static/chunks/41691_next_dist_client_937b2648._.js:5949
[ 2642710ms] [LOG] [Fast Refresh] done in 4475ms @ http://localhost:3100/_next/static/chunks/41691_next_dist_client_937b2648._.js:5809
[ 2654840ms] [LOG] [Fast Refresh] rebuilding @ http://localhost:3100/_next/static/chunks/41691_next_dist_client_937b2648._.js:5949
[ 2656173ms] [LOG] [Fast Refresh] done in 1436ms @ http://localhost:3100/_next/static/chunks/41691_next_dist_client_937b2648._.js:5809
[ 2664170ms] [LOG] [Fast Refresh] rebuilding @ http://localhost:3100/_next/static/chunks/41691_next_dist_client_937b2648._.js:5949
[ 2664237ms] [LOG] [Fast Refresh] done in 169ms @ http://localhost:3100/_next/static/chunks/41691_next_dist_client_937b2648._.js:5809
[ 2666528ms] [LOG] [Fast Refresh] rebuilding @ http://localhost:3100/_next/static/chunks/41691_next_dist_client_937b2648._.js:5949
[ 2666765ms] [LOG] [Fast Refresh] done in 339ms @ http://localhost:3100/_next/static/chunks/41691_next_dist_client_937b2648._.js:5809
[ 2702380ms] [LOG] [Fast Refresh] rebuilding @ http://localhost:3100/_next/static/chunks/41691_next_dist_client_937b2648._.js:5949
[ 2702815ms] [LOG] [Fast Refresh] done in 534ms @ http://localhost:3100/_next/static/chunks/41691_next_dist_client_937b2648._.js:5809
[ 2710143ms] [LOG] [Fast Refresh] rebuilding @ http://localhost:3100/_next/static/chunks/41691_next_dist_client_937b2648._.js:5949
[ 2710207ms] [LOG] [Fast Refresh] done in 166ms @ http://localhost:3100/_next/static/chunks/41691_next_dist_client_937b2648._.js:5809
[ 2716146ms] [LOG] [Fast Refresh] rebuilding @ http://localhost:3100/_next/static/chunks/41691_next_dist_client_937b2648._.js:5949
[ 2716429ms] [LOG] [Fast Refresh] done in 384ms @ http://localhost:3100/_next/static/chunks/41691_next_dist_client_937b2648._.js:5809
[ 2717926ms] [LOG] [Fast Refresh] rebuilding @ http://localhost:3100/_next/static/chunks/41691_next_dist_client_937b2648._.js:5949
[ 2718112ms] [LOG] [Fast Refresh] done in 288ms @ http://localhost:3100/_next/static/chunks/41691_next_dist_client_937b2648._.js:5809
[ 2730493ms] [LOG] [Fast Refresh] rebuilding @ http://localhost:3100/_next/static/chunks/41691_next_dist_client_937b2648._.js:5949
[ 2730960ms] [LOG] [Fast Refresh] done in 571ms @ http://localhost:3100/_next/static/chunks/41691_next_dist_client_937b2648._.js:5809
[ 2734255ms] [LOG] [Fast Refresh] rebuilding @ http://localhost:3100/_next/static/chunks/41691_next_dist_client_937b2648._.js:5949
[ 2734917ms] [LOG] [Fast Refresh] done in 764ms @ http://localhost:3100/_next/static/chunks/41691_next_dist_client_937b2648._.js:5809
[ 2751829ms] [LOG] [Fast Refresh] rebuilding @ http://localhost:3100/_next/static/chunks/41691_next_dist_client_937b2648._.js:5949
[ 2756328ms] [LOG] [Fast Refresh] done in 4601ms @ http://localhost:3100/_next/static/chunks/41691_next_dist_client_937b2648._.js:5809
[ 2775366ms] [LOG] [Fast Refresh] rebuilding @ http://localhost:3100/_next/static/chunks/41691_next_dist_client_937b2648._.js:5949
[ 2775415ms] [LOG] [Fast Refresh] done in 150ms @ http://localhost:3100/_next/static/chunks/41691_next_dist_client_937b2648._.js:5809
[ 2782334ms] [LOG] [Fast Refresh] rebuilding @ http://localhost:3100/_next/static/chunks/41691_next_dist_client_937b2648._.js:5949
[ 2782433ms] [LOG] [Fast Refresh] done in 200ms @ http://localhost:3100/_next/static/chunks/41691_next_dist_client_937b2648._.js:5809
[ 2788459ms] [LOG] [Fast Refresh] rebuilding @ http://localhost:3100/_next/static/chunks/41691_next_dist_client_937b2648._.js:5949
[ 2788714ms] [LOG] [Fast Refresh] done in 357ms @ http://localhost:3100/_next/static/chunks/41691_next_dist_client_937b2648._.js:5809
[ 2794451ms] [LOG] [Fast Refresh] rebuilding @ http://localhost:3100/_next/static/chunks/41691_next_dist_client_937b2648._.js:5949
[ 2795058ms] [LOG] [Fast Refresh] done in 708ms @ http://localhost:3100/_next/static/chunks/41691_next_dist_client_937b2648._.js:5809
[ 2795414ms] [LOG] [Fast Refresh] rebuilding @ http://localhost:3100/_next/static/chunks/41691_next_dist_client_937b2648._.js:5949
[ 2795422ms] [LOG] [Fast Refresh] done in 108ms @ http://localhost:3100/_next/static/chunks/41691_next_dist_client_937b2648._.js:5809
[ 2806268ms] [LOG] [Fast Refresh] rebuilding @ http://localhost:3100/_next/static/chunks/41691_next_dist_client_937b2648._.js:5949
[ 2807486ms] [LOG] [Fast Refresh] done in 1319ms @ http://localhost:3100/_next/static/chunks/41691_next_dist_client_937b2648._.js:5809
[ 2808030ms] [LOG] [Fast Refresh] rebuilding @ http://localhost:3100/_next/static/chunks/41691_next_dist_client_937b2648._.js:5949
[ 2808311ms] [LOG] [Fast Refresh] done in 381ms @ http://localhost:3100/_next/static/chunks/41691_next_dist_client_937b2648._.js:5809
[ 2813218ms] [LOG] [Fast Refresh] rebuilding @ http://localhost:3100/_next/static/chunks/41691_next_dist_client_937b2648._.js:5949
[ 2813252ms] [LOG] [Fast Refresh] done in 135ms @ http://localhost:3100/_next/static/chunks/41691_next_dist_client_937b2648._.js:5809
